Startpoint: _288_ (rising edge-triggered flip-flop clocked by myclk)
Endpoint: _288_ (rising edge-triggered flip-flop clocked by myclk)
Path Group: myclk
Path Type: min

Fanout      Cap     Slew    Delay     Time   Description
--------------------------------------------------------------------------------
                  0.000    0.000    0.000   clock myclk (rise edge)
                           3.000    3.000   clock network delay (ideal)
                  0.000    0.000    3.000 ^ _288_/CLK (sky130_fd_sc_hd__dfxtp_1)
                  0.036    0.186    3.186 ^ _288_/Q (sky130_fd_sc_hd__dfxtp_1)
    2    0.004                              mem[2][0] (net)
                  0.036    0.000    3.186 ^ _230_/A0 (sky130_fd_sc_hd__mux2_1)
                  0.026    0.073    3.259 ^ _230_/X (sky130_fd_sc_hd__mux2_1)
    1    0.002                              _028_ (net)
                  0.026    0.000    3.259 ^ _288_/D (sky130_fd_sc_hd__dfxtp_1)
                                    3.259   data arrival time

                  0.000    0.000    0.000   clock myclk (rise edge)
                           3.000    3.000   clock network delay (ideal)
                           0.100    3.100   clock uncertainty
                           0.000    3.100   clock reconvergence pessimism
                                    3.100 ^ _288_/CLK (sky130_fd_sc_hd__dfxtp_1)
                          -0.019    3.081   library hold time
                                    3.081   data required time
--------------------------------------------------------------------------------
                                    3.081   data required time
                                   -3.259   data arrival time
--------------------------------------------------------------------------------
                                    0.178   slack (MET)


Startpoint: _321_ (rising edge-triggered flip-flop clocked by myclk)
Endpoint: full (output port clocked by myclk)
Path Group: myclk
Path Type: max

Fanout      Cap     Slew    Delay     Time   Description
--------------------------------------------------------------------------------
                  0.000    0.000    0.000   clock myclk (rise edge)
                           3.000    3.000   clock network delay (ideal)
                  0.000    0.000    3.000 ^ _321_/CLK (sky130_fd_sc_hd__dfxtp_1)
                  0.196    0.297    3.297 ^ _321_/Q (sky130_fd_sc_hd__dfxtp_1)
   12    0.029                              wptr[1] (net)
                  0.196    0.000    3.297 ^ _160_/B (sky130_fd_sc_hd__xnor2_1)
                  0.143    0.112    3.409 ^ _160_/Y (sky130_fd_sc_hd__xnor2_1)
    3    0.008                              _079_ (net)
                  0.143    0.000    3.409 ^ _161_/C (sky130_fd_sc_hd__nand3_1)
                  0.057    0.055    3.464 v _161_/Y (sky130_fd_sc_hd__nand3_1)
    1    0.002                              _080_ (net)
                  0.057    0.000    3.464 v _164_/A (sky130_fd_sc_hd__nor2_1)
                  2.233    1.583    5.047 ^ _164_/Y (sky130_fd_sc_hd__nor2_1)
    2    0.203                              full (net)
                  2.233    0.000    5.047 ^ full (out)
                                    5.047   data arrival time

                  0.000   10.000   10.000   clock myclk (rise edge)
                           3.000   13.000   clock network delay (ideal)
                          -0.100   12.900   clock uncertainty
                           0.000   12.900   clock reconvergence pessimism
                          -3.000    9.900   output external delay
                                    9.900   data required time
--------------------------------------------------------------------------------
                                    9.900   data required time
                                   -5.047   data arrival time
--------------------------------------------------------------------------------
                                    4.853   slack (MET)


wns 0.00
tns 0.00
