Startpoint: _288_ (rising edge-triggered flip-flop clocked by myclk)
Endpoint: _288_ (rising edge-triggered flip-flop clocked by myclk)
Path Group: myclk
Path Type: min

Fanout      Cap     Slew    Delay     Time   Description
--------------------------------------------------------------------------------
                  0.000    0.000    0.000   clock myclk (rise edge)
                           3.000    3.000   clock network delay (ideal)
                  0.000    0.000    3.000 ^ _288_/CLK (sky130_fd_sc_hd__dfxtp_1)
                  0.040    0.213    3.213 ^ _288_/Q (sky130_fd_sc_hd__dfxtp_1)
    2    0.003                              mem[2][0] (net)
                  0.040    0.000    3.213 ^ _230_/A0 (sky130_fd_sc_hd__mux2_1)
                  0.027    0.078    3.291 ^ _230_/X (sky130_fd_sc_hd__mux2_1)
    1    0.002                              _028_ (net)
                  0.027    0.000    3.291 ^ _288_/D (sky130_fd_sc_hd__dfxtp_1)
                                    3.291   data arrival time

                  0.000    0.000    0.000   clock myclk (rise edge)
                           3.000    3.000   clock network delay (ideal)
                           0.100    3.100   clock uncertainty
                           0.000    3.100   clock reconvergence pessimism
                                    3.100 ^ _288_/CLK (sky130_fd_sc_hd__dfxtp_1)
                          -0.022    3.078   library hold time
                                    3.078   data required time
--------------------------------------------------------------------------------
                                    3.078   data required time
                                   -3.291   data arrival time
--------------------------------------------------------------------------------
                                    0.213   slack (MET)


Startpoint: _321_ (rising edge-triggered flip-flop clocked by myclk)
Endpoint: full (output port clocked by myclk)
Path Group: myclk
Path Type: max

Fanout      Cap     Slew    Delay     Time   Description
--------------------------------------------------------------------------------
                  0.000    0.000    0.000   clock myclk (rise edge)
                           3.000    3.000   clock network delay (ideal)
                  0.000    0.000    3.000 ^ _321_/CLK (sky130_fd_sc_hd__dfxtp_1)
                  0.236    0.352    3.352 ^ _321_/Q (sky130_fd_sc_hd__dfxtp_1)
   12    0.028                              wptr[1] (net)
                  0.236    0.000    3.352 ^ _160_/B (sky130_fd_sc_hd__xnor2_1)
                  0.177    0.132    3.484 ^ _160_/Y (sky130_fd_sc_hd__xnor2_1)
    3    0.007                              _079_ (net)
                  0.177    0.000    3.484 ^ _161_/C (sky130_fd_sc_hd__nand3_1)
                  0.054    0.062    3.546 v _161_/Y (sky130_fd_sc_hd__nand3_1)
    1    0.002                              _080_ (net)
                  0.054    0.000    3.546 v _164_/A (sky130_fd_sc_hd__nor2_1)
                  2.956    2.190    5.737 ^ _164_/Y (sky130_fd_sc_hd__nor2_1)
    2    0.203                              full (net)
                  2.956    0.000    5.737 ^ full (out)
                                    5.737   data arrival time

                  0.000   10.000   10.000   clock myclk (rise edge)
                           3.000   13.000   clock network delay (ideal)
                          -0.100   12.900   clock uncertainty
                           0.000   12.900   clock reconvergence pessimism
                          -3.000    9.900   output external delay
                                    9.900   data required time
--------------------------------------------------------------------------------
                                    9.900   data required time
                                   -5.737   data arrival time
--------------------------------------------------------------------------------
                                    4.163   slack (MET)


wns 0.00
tns 0.00
