Startpoint: rst (input port clocked by myclk)
Endpoint: _327_ (rising edge-triggered flip-flop clocked by myclk)
Path Group: myclk
Path Type: min

Fanout      Cap     Slew    Delay     Time   Description
--------------------------------------------------------------------------------
                  0.000    0.000    0.000   clock myclk (rise edge)
                           3.000    3.000   clock network delay (ideal)
                           1.000    4.000 ^ input external delay
                  0.200    0.000    4.000 ^ rst (in)
   13    0.029                              rst (net)
                  0.200    0.000    4.000 ^ _144_/B1 (sky130_fd_sc_hd__a21oi_1)
                  0.061    0.132    4.132 v _144_/Y (sky130_fd_sc_hd__a21oi_1)
    1    0.002                              _067_ (net)
                  0.061    0.000    4.132 v _327_/D (sky130_fd_sc_hd__dfxtp_1)
                                    4.132   data arrival time

                  0.000    0.000    0.000   clock myclk (rise edge)
                           3.000    3.000   clock network delay (ideal)
                           0.100    3.100   clock uncertainty
                           0.000    3.100   clock reconvergence pessimism
                                    3.100 ^ _327_/CLK (sky130_fd_sc_hd__dfxtp_1)
                          -0.157    2.943   library hold time
                                    2.943   data required time
--------------------------------------------------------------------------------
                                    2.943   data required time
                                   -4.132   data arrival time
--------------------------------------------------------------------------------
                                    1.189   slack (MET)


Startpoint: _321_ (rising edge-triggered flip-flop clocked by myclk)
Endpoint: _328_ (rising edge-triggered flip-flop clocked by myclk)
Path Group: myclk
Path Type: max

Fanout      Cap     Slew    Delay     Time   Description
--------------------------------------------------------------------------------
                  0.000    0.000    0.000   clock myclk (rise edge)
                           3.000    3.000   clock network delay (ideal)
                  0.000    0.000    3.000 ^ _321_/CLK (sky130_fd_sc_hd__dfxtp_1)
                  0.551    1.216    4.216 ^ _321_/Q (sky130_fd_sc_hd__dfxtp_1)
   12    0.027                              wptr[1] (net)
                  0.551    0.000    4.216 ^ _160_/B (sky130_fd_sc_hd__xnor2_1)
                  0.479    0.536    4.752 ^ _160_/Y (sky130_fd_sc_hd__xnor2_1)
    3    0.007                              _079_ (net)
                  0.479    0.000    4.752 ^ _161_/C (sky130_fd_sc_hd__nand3_1)
                  0.190    0.377    5.129 v _161_/Y (sky130_fd_sc_hd__nand3_1)
    1    0.002                              _080_ (net)
                  0.190    0.000    5.129 v _164_/A (sky130_fd_sc_hd__nor2_1)
                  7.927    6.111   11.240 ^ _164_/Y (sky130_fd_sc_hd__nor2_1)
    2    0.202                              full (net)
                  7.927    0.000   11.240 ^ _145_/C (sky130_fd_sc_hd__nor4_1)
                  1.460    2.669   13.909 v _145_/Y (sky130_fd_sc_hd__nor4_1)
    8    0.025                              _125_ (net)
                  1.460    0.000   13.909 v _146_/S (sky130_fd_sc_hd__mux2_1)
                  0.145    1.669   15.578 v _146_/X (sky130_fd_sc_hd__mux2_1)
    1    0.002                              _068_ (net)
                  0.145    0.000   15.578 v _328_/D (sky130_fd_sc_hd__dfxtp_1)
                                   15.578   data arrival time

                  0.000   10.000   10.000   clock myclk (rise edge)
                           3.000   13.000   clock network delay (ideal)
                          -0.100   12.900   clock uncertainty
                           0.000   12.900   clock reconvergence pessimism
                                   12.900 ^ _328_/CLK (sky130_fd_sc_hd__dfxtp_1)
                          -0.512   12.388   library setup time
                                   12.388   data required time
--------------------------------------------------------------------------------
                                   12.388   data required time
                                  -15.578   data arrival time
--------------------------------------------------------------------------------
                                   -3.190   slack (VIOLATED)


wns -3.19
tns -28.92
