Startpoint: _288_ (rising edge-triggered flip-flop clocked by myclk)
Endpoint: _288_ (rising edge-triggered flip-flop clocked by myclk)
Path Group: myclk
Path Type: min

Fanout      Cap     Slew    Delay     Time   Description
--------------------------------------------------------------------------------
                  0.000    0.000    0.000   clock myclk (rise edge)
                           3.000    3.000   clock network delay (ideal)
                  0.000    0.000    3.000 ^ _288_/CLK (sky130_fd_sc_hd__dfxtp_1)
                  0.078    0.597    3.597 ^ _288_/Q (sky130_fd_sc_hd__dfxtp_1)
    2    0.003                              mem[2][0] (net)
                  0.078    0.000    3.597 ^ _230_/A0 (sky130_fd_sc_hd__mux2_1)
                  0.059    0.210    3.807 ^ _230_/X (sky130_fd_sc_hd__mux2_1)
    1    0.002                              _028_ (net)
                  0.059    0.000    3.807 ^ _288_/D (sky130_fd_sc_hd__dfxtp_1)
                                    3.807   data arrival time

                  0.000    0.000    0.000   clock myclk (rise edge)
                           3.000    3.000   clock network delay (ideal)
                           0.100    3.100   clock uncertainty
                           0.000    3.100   clock reconvergence pessimism
                                    3.100 ^ _288_/CLK (sky130_fd_sc_hd__dfxtp_1)
                          -0.081    3.019   library hold time
                                    3.019   data required time
--------------------------------------------------------------------------------
                                    3.019   data required time
                                   -3.807   data arrival time
--------------------------------------------------------------------------------
                                    0.788   slack (MET)


Startpoint: _321_ (rising edge-triggered flip-flop clocked by myclk)
Endpoint: full (output port clocked by myclk)
Path Group: myclk
Path Type: max

Fanout      Cap     Slew    Delay     Time   Description
--------------------------------------------------------------------------------
                  0.000    0.000    0.000   clock myclk (rise edge)
                           3.000    3.000   clock network delay (ideal)
                  0.000    0.000    3.000 ^ _321_/CLK (sky130_fd_sc_hd__dfxtp_1)
                  0.421    0.850    3.850 ^ _321_/Q (sky130_fd_sc_hd__dfxtp_1)
   12    0.028                              wptr[1] (net)
                  0.421    0.000    3.850 ^ _160_/B (sky130_fd_sc_hd__xnor2_1)
                  0.344    0.369    4.219 ^ _160_/Y (sky130_fd_sc_hd__xnor2_1)
    3    0.007                              _079_ (net)
                  0.344    0.000    4.219 ^ _161_/C (sky130_fd_sc_hd__nand3_1)
                  0.142    0.243    4.462 v _161_/Y (sky130_fd_sc_hd__nand3_1)
    1    0.002                              _080_ (net)
                  0.142    0.000    4.462 v _164_/A (sky130_fd_sc_hd__nor2_1)
                  5.651    4.275    8.737 ^ _164_/Y (sky130_fd_sc_hd__nor2_1)
    2    0.203                              full (net)
                  5.651    0.000    8.737 ^ full (out)
                                    8.737   data arrival time

                  0.000   10.000   10.000   clock myclk (rise edge)
                           3.000   13.000   clock network delay (ideal)
                          -0.100   12.900   clock uncertainty
                           0.000   12.900   clock reconvergence pessimism
                          -3.000    9.900   output external delay
                                    9.900   data required time
--------------------------------------------------------------------------------
                                    9.900   data required time
                                   -8.737   data arrival time
--------------------------------------------------------------------------------
                                    1.163   slack (MET)


wns 0.00
tns 0.00
