Startpoint: rst (input port clocked by myclk)
Endpoint: _327_ (rising edge-triggered flip-flop clocked by myclk)
Path Group: myclk
Path Type: min

Fanout      Cap     Slew    Delay     Time   Description
--------------------------------------------------------------------------------
                  0.000    0.000    0.000   clock myclk (rise edge)
                           3.000    3.000   clock network delay (ideal)
                           1.000    4.000 ^ input external delay
                  0.200    0.000    4.000 ^ rst (in)
   13    0.026                              rst (net)
                  0.200    0.000    4.000 ^ _144_/B1 (sky130_fd_sc_hd__a21oi_1)
                  0.044    0.142    4.142 v _144_/Y (sky130_fd_sc_hd__a21oi_1)
    1    0.001                              _067_ (net)
                  0.044    0.000    4.142 v _327_/D (sky130_fd_sc_hd__dfxtp_1)
                                    4.142   data arrival time

                  0.000    0.000    0.000   clock myclk (rise edge)
                           3.000    3.000   clock network delay (ideal)
                           0.100    3.100   clock uncertainty
                           0.000    3.100   clock reconvergence pessimism
                                    3.100 ^ _327_/CLK (sky130_fd_sc_hd__dfxtp_1)
                          -0.257    2.843   library hold time
                                    2.843   data required time
--------------------------------------------------------------------------------
                                    2.843   data required time
                                   -4.142   data arrival time
--------------------------------------------------------------------------------
                                    1.299   slack (MET)


Startpoint: _321_ (rising edge-triggered flip-flop clocked by myclk)
Endpoint: _328_ (rising edge-triggered flip-flop clocked by myclk)
Path Group: myclk
Path Type: max

Fanout      Cap     Slew    Delay     Time   Description
--------------------------------------------------------------------------------
                  0.000    0.000    0.000   clock myclk (rise edge)
                           3.000    3.000   clock network delay (ideal)
                  0.000    0.000    3.000 ^ _321_/CLK (sky130_fd_sc_hd__dfxtp_1)
                  0.985    2.081    5.081 ^ _321_/Q (sky130_fd_sc_hd__dfxtp_1)
   12    0.024                              wptr[1] (net)
                  0.985    0.000    5.081 ^ _160_/B (sky130_fd_sc_hd__xnor2_1)
                  1.061    0.945    6.026 ^ _160_/Y (sky130_fd_sc_hd__xnor2_1)
    3    0.006                              _079_ (net)
                  1.061    0.000    6.026 ^ _161_/C (sky130_fd_sc_hd__nand3_1)
                  0.226    0.664    6.690 v _161_/Y (sky130_fd_sc_hd__nand3_1)
    1    0.002                              _080_ (net)
                  0.226    0.000    6.690 v _164_/A (sky130_fd_sc_hd__nor2_1)
                 16.609   13.168   19.858 ^ _164_/Y (sky130_fd_sc_hd__nor2_1)
    2    0.202                              full (net)
                 16.609    0.000   19.858 ^ _145_/C (sky130_fd_sc_hd__nor4_1)
                  2.290    6.640   26.499 v _145_/Y (sky130_fd_sc_hd__nor4_1)
    8    0.022                              _125_ (net)
                  2.290    0.000   26.499 v _146_/S (sky130_fd_sc_hd__mux2_1)
                  0.206    3.331   29.830 v _146_/X (sky130_fd_sc_hd__mux2_1)
    1    0.001                              _068_ (net)
                  0.206    0.000   29.830 v _328_/D (sky130_fd_sc_hd__dfxtp_1)
                                   29.830   data arrival time

                  0.000   10.000   10.000   clock myclk (rise edge)
                           3.000   13.000   clock network delay (ideal)
                          -0.100   12.900   clock uncertainty
                           0.000   12.900   clock reconvergence pessimism
                                   12.900 ^ _328_/CLK (sky130_fd_sc_hd__dfxtp_1)
                          -1.144   11.756   library setup time
                                   11.756   data required time
--------------------------------------------------------------------------------
                                   11.756   data required time
                                  -29.830   data arrival time
--------------------------------------------------------------------------------
                                  -18.074   slack (VIOLATED)


wns -18.07
tns -411.22
