Startpoint: _288_ (rising edge-triggered flip-flop clocked by myclk)
Endpoint: _288_ (rising edge-triggered flip-flop clocked by myclk)
Path Group: myclk
Path Type: min

Fanout      Cap     Slew    Delay     Time   Description
--------------------------------------------------------------------------------
                  0.000    0.000    0.000   clock myclk (rise edge)
                           3.000    3.000   clock network delay (ideal)
                  0.000    0.000    3.000 ^ _288_/CLK (sky130_fd_sc_hd__dfxtp_1)
                  0.069    0.467    3.467 ^ _288_/Q (sky130_fd_sc_hd__dfxtp_1)
    2    0.003                              mem[2][0] (net)
                  0.069    0.000    3.467 ^ _230_/A0 (sky130_fd_sc_hd__mux2_1)
                  0.047    0.160    3.626 ^ _230_/X (sky130_fd_sc_hd__mux2_1)
    1    0.002                              _028_ (net)
                  0.047    0.000    3.626 ^ _288_/D (sky130_fd_sc_hd__dfxtp_1)
                                    3.626   data arrival time

                  0.000    0.000    0.000   clock myclk (rise edge)
                           3.000    3.000   clock network delay (ideal)
                           0.100    3.100   clock uncertainty
                           0.000    3.100   clock reconvergence pessimism
                                    3.100 ^ _288_/CLK (sky130_fd_sc_hd__dfxtp_1)
                          -0.060    3.040   library hold time
                                    3.040   data required time
--------------------------------------------------------------------------------
                                    3.040   data required time
                                   -3.626   data arrival time
--------------------------------------------------------------------------------
                                    0.587   slack (MET)


Startpoint: _321_ (rising edge-triggered flip-flop clocked by myclk)
Endpoint: _328_ (rising edge-triggered flip-flop clocked by myclk)
Path Group: myclk
Path Type: max

Fanout      Cap     Slew    Delay     Time   Description
--------------------------------------------------------------------------------
                  0.000    0.000    0.000   clock myclk (rise edge)
                           3.000    3.000   clock network delay (ideal)
                  0.000    0.000    3.000 ^ _321_/CLK (sky130_fd_sc_hd__dfxtp_1)
                  0.400    0.712    3.712 ^ _321_/Q (sky130_fd_sc_hd__dfxtp_1)
   12    0.027                              wptr[1] (net)
                  0.400    0.000    3.712 ^ _160_/B (sky130_fd_sc_hd__xnor2_1)
                  0.326    0.306    4.018 ^ _160_/Y (sky130_fd_sc_hd__xnor2_1)
    3    0.007                              _079_ (net)
                  0.326    0.000    4.018 ^ _161_/C (sky130_fd_sc_hd__nand3_1)
                  0.096    0.175    4.194 v _161_/Y (sky130_fd_sc_hd__nand3_1)
    1    0.002                              _080_ (net)
                  0.096    0.000    4.194 v _164_/A (sky130_fd_sc_hd__nor2_1)
                  5.582    4.309    8.503 ^ _164_/Y (sky130_fd_sc_hd__nor2_1)
    2    0.202                              full (net)
                  5.582    0.000    8.503 ^ _145_/C (sky130_fd_sc_hd__nor4_1)
                  1.056    1.775   10.278 v _145_/Y (sky130_fd_sc_hd__nor4_1)
    8    0.024                              _125_ (net)
                  1.056    0.000   10.278 v _146_/S (sky130_fd_sc_hd__mux2_1)
                  0.069    1.016   11.294 v _146_/X (sky130_fd_sc_hd__mux2_1)
    1    0.002                              _068_ (net)
                  0.069    0.000   11.294 v _328_/D (sky130_fd_sc_hd__dfxtp_1)
                                   11.294   data arrival time

                  0.000   10.000   10.000   clock myclk (rise edge)
                           3.000   13.000   clock network delay (ideal)
                          -0.100   12.900   clock uncertainty
                           0.000   12.900   clock reconvergence pessimism
                                   12.900 ^ _328_/CLK (sky130_fd_sc_hd__dfxtp_1)
                          -0.254   12.646   library setup time
                                   12.646   data required time
--------------------------------------------------------------------------------
                                   12.646   data required time
                                  -11.294   data arrival time
--------------------------------------------------------------------------------
                                    1.352   slack (MET)


wns 0.00
tns 0.00
